This file contains any messages produced by compilers while
running configure, to aid debugging if configure makes a mistake.

It was created by dlvhex-sparqlplugin configure 2.0.0, which was
generated by GNU Autoconf 2.69.  Invocation command line was

  $ ./configure PKG_CONFIG_PATH=/usr/local/lib/pkgconfig

## --------- ##
## Platform. ##
## --------- ##

hostname = Chaos-Mac-mini.local
uname -m = x86_64
uname -r = 13.3.0
uname -s = Darwin
uname -v = Darwin Kernel Version 13.3.0: Tue Jun  3 21:27:35 PDT 2014; root:xnu-2422.110.17~1/RELEASE_X86_64

/usr/bin/uname -p = i386
/bin/uname -X     = unknown

/bin/arch              = unknown
/usr/bin/arch -k       = unknown
/usr/convex/getsysinfo = unknown
/usr/bin/hostinfo      = Mach kernel version:
	 Darwin Kernel Version 13.3.0: Tue Jun  3 21:27:35 PDT 2014; root:xnu-2422.110.17~1/RELEASE_X86_64
Kernel configured for up to 4 processors.
2 processors are physically available.
4 processors are logically available.
Processor type: i486 (Intel 80486)
Processors active: 0 1 2 3
Primary memory available: 12.00 gigabytes
Default processor set: 202 tasks, 1017 threads, 4 processors
Load average: 1.73, Mach factor: 2.26
/bin/machine           = unknown
/usr/bin/oslevel       = unknown
/bin/universe          = unknown

PATH: /usr/local/mysql/bin
PATH: /usr/local/php5/bin
PATH: /opt/local/bin
PATH: /opt/local/sbin
PATH: /usr/bin
PATH: /bin
PATH: /usr/sbin
PATH: /sbin
PATH: /usr/local/bin


## ----------- ##
## Core tests. ##
## ----------- ##

configure:2573: checking for a BSD-compatible install
configure:2641: result: /usr/bin/install -c
configure:2652: checking whether build environment is sane
configure:2707: result: yes
configure:2858: checking for a thread-safe mkdir -p
configure:2897: result: ./install-sh -c -d
configure:2904: checking for gawk
configure:2920: found /opt/local/bin/gawk
configure:2931: result: gawk
configure:2942: checking whether make sets $(MAKE)
configure:2964: result: yes
configure:2993: checking whether make supports nested variables
configure:3010: result: yes
configure:3140: checking build system type
configure:3154: result: x86_64-apple-darwin13.3.0
configure:3174: checking host system type
configure:3187: result: x86_64-apple-darwin13.3.0
configure:3275: checking for g++
configure:3291: found /opt/local/bin/g++
configure:3302: result: g++
configure:3329: checking for C++ compiler version
configure:3338: g++ --version >&5
g++ (MacPorts gcc47 4.7.3_5) 4.7.3
Copyright (C) 2012 Free Software Foundation, Inc.
This is free software; see the source for copying conditions.  There is NO
warranty; not even for MERCHANTABILITY or FITNESS FOR A PARTICULAR PURPOSE.

configure:3349: $? = 0
configure:3338: g++ -v >&5
Using built-in specs.
COLLECT_GCC=g++
COLLECT_LTO_WRAPPER=/opt/local/libexec/gcc/x86_64-apple-darwin13/4.7.3/lto-wrapper
Target: x86_64-apple-darwin13
Configured with: /opt/local/var/macports/build/_opt_mports_dports_lang_gcc47/gcc47/work/gcc-4.7.3/configure --prefix=/opt/local --build=x86_64-apple-darwin13 --enable-languages=c,c++,objc,obj-c++,lto,fortran,java --libdir=/opt/local/lib/gcc47 --includedir=/opt/local/include/gcc47 --infodir=/opt/local/share/info --mandir=/opt/local/share/man --datarootdir=/opt/local/share/gcc-4.7 --with-libiconv-prefix=/opt/local --with-local-prefix=/opt/local --with-system-zlib --disable-nls --program-suffix=-mp-4.7 --with-gxx-include-dir=/opt/local/include/gcc47/c++/ --with-gmp=/opt/local --with-mpfr=/opt/local --with-mpc=/opt/local --with-ppl=/opt/local --with-cloog=/opt/local --enable-cloog-backend=isl --disable-cloog-version-check --enable-stage1-checking --disable-multilib --enable-lto --enable-libstdcxx-time --with-as=/opt/local/bin/as --with-ld=/opt/local/bin/ld --with-ar=/opt/local/bin/ar --with-bugurl=https://trac.macports.org/newticket --disable-ppl-version-check --with-pkgversion='MacPorts gcc47 4.7.3_5'
Thread model: posix
gcc version 4.7.3 (MacPorts gcc47 4.7.3_5) 
configure:3349: $? = 0
configure:3338: g++ -V >&5
g++: error: unrecognized command line option '-V'
g++: fatal error: no input files
compilation terminated.
configure:3349: $? = 1
configure:3338: g++ -qversion >&5
g++: error: unrecognized command line option '-qversion'
g++: fatal error: no input files
compilation terminated.
configure:3349: $? = 1
configure:3369: checking whether the C++ compiler works
configure:3391: g++   -I/opt/local/include -I/sw/include  conftest.cpp  >&5
configure:3395: $? = 0
configure:3443: result: yes
configure:3446: checking for C++ compiler default output file name
configure:3448: result: a.out
configure:3454: checking for suffix of executables
configure:3461: g++ -o conftest   -I/opt/local/include -I/sw/include  conftest.cpp  >&5
configure:3465: $? = 0
configure:3487: result: 
configure:3509: checking whether we are cross compiling
configure:3517: g++ -o conftest   -I/opt/local/include -I/sw/include  conftest.cpp  >&5
configure:3521: $? = 0
configure:3528: ./conftest
configure:3532: $? = 0
configure:3547: result: no
configure:3552: checking for suffix of object files
configure:3574: g++ -c   -I/opt/local/include -I/sw/include conftest.cpp >&5
configure:3578: $? = 0
configure:3599: result: o
configure:3603: checking whether we are using the GNU C++ compiler
configure:3622: g++ -c   -I/opt/local/include -I/sw/include conftest.cpp >&5
configure:3622: $? = 0
configure:3631: result: yes
configure:3640: checking whether g++ accepts -g
configure:3660: g++ -c -g  -I/opt/local/include -I/sw/include conftest.cpp >&5
configure:3660: $? = 0
configure:3701: result: yes
configure:3735: checking for style of include used by make
configure:3763: result: GNU
configure:3789: checking dependency style of g++
configure:3900: result: gcc3
configure:3963: checking for gcc
configure:3979: found /opt/local/bin/gcc
configure:3990: result: gcc
configure:4219: checking for C compiler version
configure:4228: gcc --version >&5
gcc (MacPorts gcc47 4.7.3_5) 4.7.3
Copyright (C) 2012 Free Software Foundation, Inc.
This is free software; see the source for copying conditions.  There is NO
warranty; not even for MERCHANTABILITY or FITNESS FOR A PARTICULAR PURPOSE.

configure:4239: $? = 0
configure:4228: gcc -v >&5
Using built-in specs.
COLLECT_GCC=gcc
COLLECT_LTO_WRAPPER=/opt/local/libexec/gcc/x86_64-apple-darwin13/4.7.3/lto-wrapper
Target: x86_64-apple-darwin13
Configured with: /opt/local/var/macports/build/_opt_mports_dports_lang_gcc47/gcc47/work/gcc-4.7.3/configure --prefix=/opt/local --build=x86_64-apple-darwin13 --enable-languages=c,c++,objc,obj-c++,lto,fortran,java --libdir=/opt/local/lib/gcc47 --includedir=/opt/local/include/gcc47 --infodir=/opt/local/share/info --mandir=/opt/local/share/man --datarootdir=/opt/local/share/gcc-4.7 --with-libiconv-prefix=/opt/local --with-local-prefix=/opt/local --with-system-zlib --disable-nls --program-suffix=-mp-4.7 --with-gxx-include-dir=/opt/local/include/gcc47/c++/ --with-gmp=/opt/local --with-mpfr=/opt/local --with-mpc=/opt/local --with-ppl=/opt/local --with-cloog=/opt/local --enable-cloog-backend=isl --disable-cloog-version-check --enable-stage1-checking --disable-multilib --enable-lto --enable-libstdcxx-time --with-as=/opt/local/bin/as --with-ld=/opt/local/bin/ld --with-ar=/opt/local/bin/ar --with-bugurl=https://trac.macports.org/newticket --disable-ppl-version-check --with-pkgversion='MacPorts gcc47 4.7.3_5'
Thread model: posix
gcc version 4.7.3 (MacPorts gcc47 4.7.3_5) 
configure:4239: $? = 0
configure:4228: gcc -V >&5
gcc: error: unrecognized command line option '-V'
gcc: fatal error: no input files
compilation terminated.
configure:4239: $? = 1
configure:4228: gcc -qversion >&5
gcc: error: unrecognized command line option '-qversion'
gcc: fatal error: no input files
compilation terminated.
configure:4239: $? = 1
configure:4243: checking whether we are using the GNU C compiler
configure:4262: gcc -c   -I/opt/local/include -I/sw/include conftest.c >&5
configure:4262: $? = 0
configure:4271: result: yes
configure:4280: checking whether gcc accepts -g
configure:4300: gcc -c -g  -I/opt/local/include -I/sw/include conftest.c >&5
configure:4300: $? = 0
configure:4341: result: yes
configure:4358: checking for gcc option to accept ISO C89
configure:4421: gcc  -c -g -O2  -I/opt/local/include -I/sw/include conftest.c >&5
configure:4421: $? = 0
configure:4434: result: none needed
configure:4459: checking whether gcc understands -c and -o together
configure:4481: gcc -c conftest.c -o conftest2.o
configure:4484: $? = 0
configure:4481: gcc -c conftest.c -o conftest2.o
configure:4484: $? = 0
configure:4496: result: yes
configure:4515: checking dependency style of gcc
configure:4626: result: gcc3
configure:4654: checking for dirent.h that defines DIR
configure:4673: g++ -c -g -O2  -I/opt/local/include -I/sw/include conftest.cpp >&5
configure:4673: $? = 0
configure:4681: result: yes
configure:4694: checking for library containing opendir
configure:4725: g++ -o conftest -g -O2  -I/opt/local/include -I/sw/include  conftest.cpp  >&5
configure:4725: $? = 0
configure:4742: result: none required
configure:4814: checking how to run the C++ preprocessor
configure:4841: g++ -E  -I/opt/local/include -I/sw/include conftest.cpp
configure:4841: $? = 0
configure:4855: g++ -E  -I/opt/local/include -I/sw/include conftest.cpp
conftest.cpp:20:28: fatal error: ac_nonexistent.h: No such file or directory
compilation terminated.
configure:4855: $? = 1
configure: failed program was:
| /* confdefs.h */
| #define PACKAGE_NAME "dlvhex-sparqlplugin"
| #define PACKAGE_TARNAME "dlvhex-sparqlplugin"
| #define PACKAGE_VERSION "2.0.0"
| #define PACKAGE_STRING "dlvhex-sparqlplugin 2.0.0"
| #define PACKAGE_BUGREPORT "e.paissios@gmail.com"
| #define PACKAGE_URL ""
| #define SPARQLPLUGIN_VERSION 2.0.0
| #define SPARQLPLUGIN_VERSION_MAJOR 2
| #define SPARQLPLUGIN_VERSION_MINOR 0
| #define SPARQLPLUGIN_VERSION_MICRO 0
| #define DLVHEX_ABI_VERSION 7.0.0
| #define DLVHEX_ABI_VERSION_MAJOR 7
| #define DLVHEX_ABI_VERSION_MINOR 0
| #define DLVHEX_ABI_VERSION_MICRO 0
| #define PACKAGE "dlvhex-sparqlplugin"
| #define VERSION "2.0.0"
| #define HAVE_DIRENT_H 1
| /* end confdefs.h.  */
| #include <ac_nonexistent.h>
configure:4880: result: g++ -E
configure:4900: g++ -E  -I/opt/local/include -I/sw/include conftest.cpp
configure:4900: $? = 0
configure:4914: g++ -E  -I/opt/local/include -I/sw/include conftest.cpp
conftest.cpp:20:28: fatal error: ac_nonexistent.h: No such file or directory
compilation terminated.
configure:4914: $? = 1
configure: failed program was:
| /* confdefs.h */
| #define PACKAGE_NAME "dlvhex-sparqlplugin"
| #define PACKAGE_TARNAME "dlvhex-sparqlplugin"
| #define PACKAGE_VERSION "2.0.0"
| #define PACKAGE_STRING "dlvhex-sparqlplugin 2.0.0"
| #define PACKAGE_BUGREPORT "e.paissios@gmail.com"
| #define PACKAGE_URL ""
| #define SPARQLPLUGIN_VERSION 2.0.0
| #define SPARQLPLUGIN_VERSION_MAJOR 2
| #define SPARQLPLUGIN_VERSION_MINOR 0
| #define SPARQLPLUGIN_VERSION_MICRO 0
| #define DLVHEX_ABI_VERSION 7.0.0
| #define DLVHEX_ABI_VERSION_MAJOR 7
| #define DLVHEX_ABI_VERSION_MINOR 0
| #define DLVHEX_ABI_VERSION_MICRO 0
| #define PACKAGE "dlvhex-sparqlplugin"
| #define VERSION "2.0.0"
| #define HAVE_DIRENT_H 1
| /* end confdefs.h.  */
| #include <ac_nonexistent.h>
configure:4943: checking for grep that handles long lines and -e
configure:5001: result: /usr/bin/grep
configure:5006: checking for egrep
configure:5068: result: /usr/bin/grep -E
configure:5073: checking for ANSI C header files
configure:5093: g++ -c -g -O2  -I/opt/local/include -I/sw/include conftest.cpp >&5
configure:5093: $? = 0
configure:5166: g++ -o conftest -g -O2  -I/opt/local/include -I/sw/include  conftest.cpp  >&5
configure:5166: $? = 0
configure:5166: ./conftest
configure:5166: $? = 0
configure:5177: result: yes
configure:5190: checking for sys/types.h
configure:5190: g++ -c -g -O2  -I/opt/local/include -I/sw/include conftest.cpp >&5
configure:5190: $? = 0
configure:5190: result: yes
configure:5190: checking for sys/stat.h
configure:5190: g++ -c -g -O2  -I/opt/local/include -I/sw/include conftest.cpp >&5
configure:5190: $? = 0
configure:5190: result: yes
configure:5190: checking for stdlib.h
configure:5190: g++ -c -g -O2  -I/opt/local/include -I/sw/include conftest.cpp >&5
configure:5190: $? = 0
configure:5190: result: yes
configure:5190: checking for string.h
configure:5190: g++ -c -g -O2  -I/opt/local/include -I/sw/include conftest.cpp >&5
configure:5190: $? = 0
configure:5190: result: yes
configure:5190: checking for memory.h
configure:5190: g++ -c -g -O2  -I/opt/local/include -I/sw/include conftest.cpp >&5
configure:5190: $? = 0
configure:5190: result: yes
configure:5190: checking for strings.h
configure:5190: g++ -c -g -O2  -I/opt/local/include -I/sw/include conftest.cpp >&5
configure:5190: $? = 0
configure:5190: result: yes
configure:5190: checking for inttypes.h
configure:5190: g++ -c -g -O2  -I/opt/local/include -I/sw/include conftest.cpp >&5
configure:5190: $? = 0
configure:5190: result: yes
configure:5190: checking for stdint.h
configure:5190: g++ -c -g -O2  -I/opt/local/include -I/sw/include conftest.cpp >&5
configure:5190: $? = 0
configure:5190: result: yes
configure:5190: checking for unistd.h
configure:5190: g++ -c -g -O2  -I/opt/local/include -I/sw/include conftest.cpp >&5
configure:5190: $? = 0
configure:5190: result: yes
configure:5205: checking for stdlib.h
configure:5205: result: yes
configure:5205: checking sys/param.h usability
configure:5205: g++ -c -g -O2  -I/opt/local/include -I/sw/include conftest.cpp >&5
configure:5205: $? = 0
configure:5205: result: yes
configure:5205: checking sys/param.h presence
configure:5205: g++ -E  -I/opt/local/include -I/sw/include conftest.cpp
configure:5205: $? = 0
configure:5205: result: yes
configure:5205: checking for sys/param.h
configure:5205: result: yes
configure:5217: checking for stdbool.h that conforms to C99
configure:5284: g++ -c -g -O2  -I/opt/local/include -I/sw/include conftest.cpp >&5
configure:5284: $? = 0
configure:5291: result: yes
configure:5293: checking for _Bool
configure:5293: g++ -c -g -O2  -I/opt/local/include -I/sw/include conftest.cpp >&5
conftest.cpp: In function 'int main()':
conftest.cpp:68:13: error: '_Bool' was not declared in this scope
configure:5293: $? = 1
configure: failed program was:
| /* confdefs.h */
| #define PACKAGE_NAME "dlvhex-sparqlplugin"
| #define PACKAGE_TARNAME "dlvhex-sparqlplugin"
| #define PACKAGE_VERSION "2.0.0"
| #define PACKAGE_STRING "dlvhex-sparqlplugin 2.0.0"
| #define PACKAGE_BUGREPORT "e.paissios@gmail.com"
| #define PACKAGE_URL ""
| #define SPARQLPLUGIN_VERSION 2.0.0
| #define SPARQLPLUGIN_VERSION_MAJOR 2
| #define SPARQLPLUGIN_VERSION_MINOR 0
| #define SPARQLPLUGIN_VERSION_MICRO 0
| #define DLVHEX_ABI_VERSION 7.0.0
| #define DLVHEX_ABI_VERSION_MAJOR 7
| #define DLVHEX_ABI_VERSION_MINOR 0
| #define DLVHEX_ABI_VERSION_MICRO 0
| #define PACKAGE "dlvhex-sparqlplugin"
| #define VERSION "2.0.0"
| #define HAVE_DIRENT_H 1
| #define STDC_HEADERS 1
| #define HAVE_SYS_TYPES_H 1
| #define HAVE_SYS_STAT_H 1
| #define HAVE_STDLIB_H 1
| #define HAVE_STRING_H 1
| #define HAVE_MEMORY_H 1
| #define HAVE_STRINGS_H 1
| #define HAVE_INTTYPES_H 1
| #define HAVE_STDINT_H 1
| #define HAVE_UNISTD_H 1
| #define HAVE_STDLIB_H 1
| #define HAVE_SYS_PARAM_H 1
| /* end confdefs.h.  */
| #include <stdio.h>
| #ifdef HAVE_SYS_TYPES_H
| # include <sys/types.h>
| #endif
| #ifdef HAVE_SYS_STAT_H
| # include <sys/stat.h>
| #endif
| #ifdef STDC_HEADERS
| # include <stdlib.h>
| # include <stddef.h>
| #else
| # ifdef HAVE_STDLIB_H
| #  include <stdlib.h>
| # endif
| #endif
| #ifdef HAVE_STRING_H
| # if !defined STDC_HEADERS && defined HAVE_MEMORY_H
| #  include <memory.h>
| # endif
| # include <string.h>
| #endif
| #ifdef HAVE_STRINGS_H
| # include <strings.h>
| #endif
| #ifdef HAVE_INTTYPES_H
| # include <inttypes.h>
| #endif
| #ifdef HAVE_STDINT_H
| # include <stdint.h>
| #endif
| #ifdef HAVE_UNISTD_H
| # include <unistd.h>
| #endif
| int
| main ()
| {
| if (sizeof (_Bool))
| 	 return 0;
|   ;
|   return 0;
| }
configure:5293: result: no
configure:5310: checking for an ANSI C-conforming const
configure:5376: g++ -c -g -O2  -I/opt/local/include -I/sw/include conftest.cpp >&5
configure:5376: $? = 0
configure:5383: result: yes
configure:5391: checking for inline
configure:5407: g++ -c -g -O2  -I/opt/local/include -I/sw/include conftest.cpp >&5
configure:5407: $? = 0
configure:5415: result: inline
configure:5433: checking for size_t
configure:5433: g++ -c -g -O2  -I/opt/local/include -I/sw/include conftest.cpp >&5
configure:5433: $? = 0
configure:5433: g++ -c -g -O2  -I/opt/local/include -I/sw/include conftest.cpp >&5
conftest.cpp: In function 'int main()':
conftest.cpp:69:20: error: expected primary-expression before ')' token
configure:5433: $? = 1
configure: failed program was:
| /* confdefs.h */
| #define PACKAGE_NAME "dlvhex-sparqlplugin"
| #define PACKAGE_TARNAME "dlvhex-sparqlplugin"
| #define PACKAGE_VERSION "2.0.0"
| #define PACKAGE_STRING "dlvhex-sparqlplugin 2.0.0"
| #define PACKAGE_BUGREPORT "e.paissios@gmail.com"
| #define PACKAGE_URL ""
| #define SPARQLPLUGIN_VERSION 2.0.0
| #define SPARQLPLUGIN_VERSION_MAJOR 2
| #define SPARQLPLUGIN_VERSION_MINOR 0
| #define SPARQLPLUGIN_VERSION_MICRO 0
| #define DLVHEX_ABI_VERSION 7.0.0
| #define DLVHEX_ABI_VERSION_MAJOR 7
| #define DLVHEX_ABI_VERSION_MINOR 0
| #define DLVHEX_ABI_VERSION_MICRO 0
| #define PACKAGE "dlvhex-sparqlplugin"
| #define VERSION "2.0.0"
| #define HAVE_DIRENT_H 1
| #define STDC_HEADERS 1
| #define HAVE_SYS_TYPES_H 1
| #define HAVE_SYS_STAT_H 1
| #define HAVE_STDLIB_H 1
| #define HAVE_STRING_H 1
| #define HAVE_MEMORY_H 1
| #define HAVE_STRINGS_H 1
| #define HAVE_INTTYPES_H 1
| #define HAVE_STDINT_H 1
| #define HAVE_UNISTD_H 1
| #define HAVE_STDLIB_H 1
| #define HAVE_SYS_PARAM_H 1
| #define HAVE_STDBOOL_H 1
| /* end confdefs.h.  */
| #include <stdio.h>
| #ifdef HAVE_SYS_TYPES_H
| # include <sys/types.h>
| #endif
| #ifdef HAVE_SYS_STAT_H
| # include <sys/stat.h>
| #endif
| #ifdef STDC_HEADERS
| # include <stdlib.h>
| # include <stddef.h>
| #else
| # ifdef HAVE_STDLIB_H
| #  include <stdlib.h>
| # endif
| #endif
| #ifdef HAVE_STRING_H
| # if !defined STDC_HEADERS && defined HAVE_MEMORY_H
| #  include <memory.h>
| # endif
| # include <string.h>
| #endif
| #ifdef HAVE_STRINGS_H
| # include <strings.h>
| #endif
| #ifdef HAVE_INTTYPES_H
| # include <inttypes.h>
| #endif
| #ifdef HAVE_STDINT_H
| # include <stdint.h>
| #endif
| #ifdef HAVE_UNISTD_H
| # include <unistd.h>
| #endif
| int
| main ()
| {
| if (sizeof ((size_t)))
| 	    return 0;
|   ;
|   return 0;
| }
configure:5433: result: yes
configure:5448: checking for stdlib.h
configure:5448: result: yes
configure:5458: checking for GNU libc compatible malloc
configure:5482: g++ -o conftest -g -O2  -I/opt/local/include -I/sw/include  conftest.cpp  >&5
configure:5482: $? = 0
configure:5482: ./conftest
configure:5482: $? = 0
configure:5492: result: yes
configure:5594: checking how to print strings
configure:5621: result: printf
configure:5642: checking for a sed that does not truncate output
configure:5706: result: /opt/local/bin/gsed
configure:5724: checking for fgrep
configure:5786: result: /usr/bin/grep -F
configure:5821: checking for ld used by gcc
configure:5888: result: /opt/local/bin/ld
configure:5895: checking if the linker (/opt/local/bin/ld) is GNU ld
configure:5910: result: no
configure:5922: checking for BSD- or MS-compatible name lister (nm)
configure:5971: result: /opt/local/bin/nm
configure:6101: checking the name lister (/opt/local/bin/nm) interface
configure:6108: g++ -c -g -O2  -I/opt/local/include -I/sw/include conftest.cpp >&5
configure:6111: /opt/local/bin/nm "conftest.o"
configure:6114: output
0000000000000128 S _some_variable
configure:6121: result: BSD nm
configure:6124: checking whether ln -s works
configure:6128: result: yes
configure:6136: checking the maximum length of command line arguments
configure:6261: result: 196608
configure:6278: checking whether the shell understands some XSI constructs
configure:6288: result: yes
configure:6292: checking whether the shell understands "+="
configure:6298: result: yes
configure:6333: checking how to convert x86_64-apple-darwin13.3.0 file names to x86_64-apple-darwin13.3.0 format
configure:6373: result: func_convert_file_noop
configure:6380: checking how to convert x86_64-apple-darwin13.3.0 file names to toolchain format
configure:6400: result: func_convert_file_noop
configure:6407: checking for /opt/local/bin/ld option to reload object files
configure:6414: result: -r
configure:6488: checking for objdump
configure:6518: result: no
configure:6547: checking how to recognize dependent libraries
configure:6749: result: pass_all
configure:6834: checking for dlltool
configure:6864: result: no
configure:6894: checking how to associate runtime and link libraries
configure:6921: result: printf %s\n
configure:6981: checking for ar
configure:6997: found /opt/local/bin/ar
configure:7008: result: ar
configure:7045: checking for archiver @FILE support
configure:7062: g++ -c -g -O2  -I/opt/local/include -I/sw/include conftest.cpp >&5
configure:7062: $? = 0
configure:7065: ar cru libconftest.a @conftest.lst >&5
ar: @conftest.lst: No such file or directory
configure:7068: $? = 1
configure:7088: result: no
configure:7146: checking for strip
configure:7162: found /opt/local/bin/strip
configure:7173: result: strip
configure:7245: checking for ranlib
configure:7261: found /opt/local/bin/ranlib
configure:7272: result: ranlib
configure:7374: checking command to parse /opt/local/bin/nm output from gcc object
configure:7493: g++ -c -g -O2  -I/opt/local/include -I/sw/include conftest.cpp >&5
configure:7496: $? = 0
configure:7500: /opt/local/bin/nm conftest.o \| sed -n -e 's/^.*[ ]\([BCDEGRST][BCDEGRST]*\)[ ][ ]*\([_A-Za-z][_A-Za-z0-9]*\)$/\1 \2 \2/p' | sed '/ __gnu_lto/d' \> conftest.nm
configure:7503: $? = 0
cannot find nm_test_var in conftest.nm
configure:7493: g++ -c -g -O2  -I/opt/local/include -I/sw/include conftest.cpp >&5
configure:7496: $? = 0
configure:7500: /opt/local/bin/nm conftest.o \| sed -n -e 's/^.*[ ]\([BCDEGRST][BCDEGRST]*\)[ ][ ]*_\([_A-Za-z][_A-Za-z0-9]*\)$/\1 _\2 \2/p' | sed '/ __gnu_lto/d' \> conftest.nm
configure:7503: $? = 0
configure:7569: g++ -o conftest -g -O2  -I/opt/local/include -I/sw/include  conftest.cpp conftstm.o >&5
configure:7572: $? = 0
configure:7610: result: ok
configure:7647: checking for sysroot
configure:7677: result: no
configure:7921: checking for mt
configure:7951: result: no
configure:7971: checking if : is a manifest tool
configure:7977: : '-?'
configure:7985: result: no
configure:8041: checking for dsymutil
configure:8057: found /usr/bin/dsymutil
configure:8068: result: dsymutil
configure:8133: checking for nmedit
configure:8149: found /opt/local/bin/nmedit
configure:8160: result: nmedit
configure:8225: checking for lipo
configure:8241: found /opt/local/bin/lipo
configure:8252: result: lipo
configure:8317: checking for otool
configure:8333: found /opt/local/bin/otool
configure:8344: result: otool
configure:8409: checking for otool64
configure:8439: result: no
configure:8484: checking for -single_module linker flag
gcc -g -O2  -o libconftest.dylib -dynamiclib -Wl,-single_module conftest.c
configure:8511: result: yes
configure:8513: checking for -exported_symbols_list linker flag
configure:8533: g++ -o conftest -g -O2  -I/opt/local/include -I/sw/include  -Wl,-exported_symbols_list,conftest.sym conftest.cpp  >&5
configure:8533: $? = 0
configure:8543: result: yes
configure:8545: checking for -force_load linker flag
gcc -g -O2 -c -o conftest.o conftest.c
ar cru libconftest.a conftest.o
ranlib libconftest.a
gcc -g -O2  -o conftest conftest.c -Wl,-force_load,./libconftest.a
configure:8575: result: yes
configure:8614: checking for dlfcn.h
configure:8614: g++ -c -g -O2  -I/opt/local/include -I/sw/include conftest.cpp >&5
configure:8614: $? = 0
configure:8614: result: yes
configure:8779: checking for objdir
configure:8794: result: .libs
configure:9065: checking if gcc supports -fno-rtti -fno-exceptions
configure:9083: gcc -c -g -O2  -I/opt/local/include -I/sw/include -fno-rtti -fno-exceptions conftest.c >&5
cc1: warning: command line option '-fno-rtti' is valid for C++/ObjC++ but not for C [enabled by default]
configure:9087: $? = 0
configure:9100: result: no
configure:9410: checking for gcc option to produce PIC
configure:9417: result: -fno-common -DPIC
configure:9425: checking if gcc PIC flag -fno-common -DPIC works
configure:9443: gcc -c -g -O2  -I/opt/local/include -I/sw/include -fno-common -DPIC -DPIC conftest.c >&5
configure:9447: $? = 0
configure:9460: result: yes
configure:9489: checking if gcc static flag -static works
configure:9517: result: no
configure:9532: checking if gcc supports -c -o file.o
configure:9553: gcc -c -g -O2  -I/opt/local/include -I/sw/include -o out/conftest2.o conftest.c >&5
configure:9557: $? = 0
configure:9579: result: yes
configure:9587: checking if gcc supports -c -o file.o
configure:9634: result: yes
configure:9667: checking whether the gcc linker (/opt/local/bin/ld) supports shared libraries
configure:10829: result: yes
configure:11074: checking dynamic linker characteristics
configure:11823: result: darwin13.3.0 dyld
configure:11930: checking how to hardcode library paths into programs
configure:11955: result: immediate
configure:12000: checking for dlopen in -ldl
configure:12025: gcc -o conftest -g -O2  -I/opt/local/include -I/sw/include  conftest.c -ldl   >&5
configure:12025: $? = 0
configure:12034: result: yes
configure:12249: checking whether a program can dlopen itself
configure:12329: gcc -o conftest -g -O2  -I/opt/local/include -I/sw/include -DHAVE_DLFCN_H   conftest.c -ldl  >&5
configure:12332: $? = 0
configure:12350: result: yes
configure:12355: checking whether a statically linked program can dlopen itself
configure:12435: gcc -o conftest -g -O2  -I/opt/local/include -I/sw/include -DHAVE_DLFCN_H    conftest.c -ldl  >&5
configure:12438: $? = 0
configure:12456: result: yes
configure:12495: checking whether stripping libraries is possible
configure:12509: result: yes
configure:12535: checking if libtool supports shared libraries
configure:12537: result: yes
configure:12540: checking whether to build shared libraries
configure:12561: result: yes
configure:12564: checking whether to build static libraries
configure:12568: result: no
configure:12591: checking how to run the C++ preprocessor
configure:12657: result: g++ -E
configure:12677: g++ -E  -I/opt/local/include -I/sw/include conftest.cpp
configure:12677: $? = 0
configure:12691: g++ -E  -I/opt/local/include -I/sw/include conftest.cpp
conftest.cpp:37:28: fatal error: ac_nonexistent.h: No such file or directory
compilation terminated.
configure:12691: $? = 1
configure: failed program was:
| /* confdefs.h */
| #define PACKAGE_NAME "dlvhex-sparqlplugin"
| #define PACKAGE_TARNAME "dlvhex-sparqlplugin"
| #define PACKAGE_VERSION "2.0.0"
| #define PACKAGE_STRING "dlvhex-sparqlplugin 2.0.0"
| #define PACKAGE_BUGREPORT "e.paissios@gmail.com"
| #define PACKAGE_URL ""
| #define SPARQLPLUGIN_VERSION 2.0.0
| #define SPARQLPLUGIN_VERSION_MAJOR 2
| #define SPARQLPLUGIN_VERSION_MINOR 0
| #define SPARQLPLUGIN_VERSION_MICRO 0
| #define DLVHEX_ABI_VERSION 7.0.0
| #define DLVHEX_ABI_VERSION_MAJOR 7
| #define DLVHEX_ABI_VERSION_MINOR 0
| #define DLVHEX_ABI_VERSION_MICRO 0
| #define PACKAGE "dlvhex-sparqlplugin"
| #define VERSION "2.0.0"
| #define HAVE_DIRENT_H 1
| #define STDC_HEADERS 1
| #define HAVE_SYS_TYPES_H 1
| #define HAVE_SYS_STAT_H 1
| #define HAVE_STDLIB_H 1
| #define HAVE_STRING_H 1
| #define HAVE_MEMORY_H 1
| #define HAVE_STRINGS_H 1
| #define HAVE_INTTYPES_H 1
| #define HAVE_STDINT_H 1
| #define HAVE_UNISTD_H 1
| #define HAVE_STDLIB_H 1
| #define HAVE_SYS_PARAM_H 1
| #define HAVE_STDBOOL_H 1
| #define HAVE_STDLIB_H 1
| #define HAVE_MALLOC 1
| #define HAVE_DLFCN_H 1
| #define LT_OBJDIR ".libs/"
| /* end confdefs.h.  */
| #include <ac_nonexistent.h>
configure:12861: checking for ld used by g++
configure:12928: result: /opt/local/bin/ld
configure:12935: checking if the linker (/opt/local/bin/ld) is GNU ld
configure:12950: result: no
configure:13005: checking whether the g++ linker (/opt/local/bin/ld) supports shared libraries
configure:14009: result: yes
configure:14044: g++ -c -g -O2  -I/opt/local/include -I/sw/include conftest.cpp >&5
configure:14047: $? = 0
configure:14567: checking for g++ option to produce PIC
configure:14574: result: -fno-common -DPIC
configure:14582: checking if g++ PIC flag -fno-common -DPIC works
configure:14600: g++ -c -g -O2  -I/opt/local/include -I/sw/include -fno-common -DPIC -DPIC conftest.cpp >&5
configure:14604: $? = 0
configure:14617: result: yes
configure:14640: checking if g++ static flag -static works
configure:14668: result: no
configure:14680: checking if g++ supports -c -o file.o
configure:14701: g++ -c -g -O2  -I/opt/local/include -I/sw/include -o out/conftest2.o conftest.cpp >&5
configure:14705: $? = 0
configure:14727: result: yes
configure:14732: checking if g++ supports -c -o file.o
configure:14779: result: yes
configure:14809: checking whether the g++ linker (/opt/local/bin/ld) supports shared libraries
configure:14846: result: yes
configure:14989: checking dynamic linker characteristics
configure:15672: result: darwin13.3.0 dyld
configure:15725: checking how to hardcode library paths into programs
configure:15750: result: immediate
configure:15874: checking for pkg-config
configure:15892: found /opt/local/bin/pkg-config
configure:15904: result: /opt/local/bin/pkg-config
configure:15929: checking pkg-config is at least version 0.9.0
configure:15932: result: yes
configure:15952: checking for DLVHEX
configure:15959: $PKG_CONFIG --exists --print-errors "dlvhex2 >= 2.0.0"
configure:15962: $? = 0
configure:15976: $PKG_CONFIG --exists --print-errors "dlvhex2 >= 2.0.0"
configure:15979: $? = 0
configure:16037: result: yes
configure:16045: $PKG_CONFIG --exists --print-errors "dlvhex2 >= 2.0.0"
configure:16048: $? = 0
configure:16062: $PKG_CONFIG --exists --print-errors "dlvhex2 >= 2.0.0"
configure:16065: $? = 0
configure:16079: $PKG_CONFIG --exists --print-errors "dlvhex2 >= 2.0.0"
configure:16082: $? = 0
configure:16100: checking dlvhex2/OnlineModelBuilder.h usability
configure:16100: g++ -c -g -O2  -I/opt/local/include -I/sw/include -pthread -I/usr/local/include -I/usr/local/include/dlvhex2/bm3.7.0/  conftest.cpp >&5
In file included from /usr/local/include/dlvhex2/PredicateTable.h:38:0,
                 from /usr/local/include/dlvhex2/Registry.h:42,
                 from /usr/local/include/dlvhex2/Interpretation.h:39,
                 from /usr/local/include/dlvhex2/BaseModelGenerator.h:38,
                 from /usr/local/include/dlvhex2/AsynchronousModelGenerator.h:42,
                 from /usr/local/include/dlvhex2/OnlineModelBuilder.h:39,
                 from conftest.cpp:70:
/usr/local/include/dlvhex2/Predicate.h:57:2: warning: #warning see warning in PredicateTable.h [-Wcpp]
In file included from /usr/local/include/dlvhex2/Registry.h:42:0,
                 from /usr/local/include/dlvhex2/Interpretation.h:39,
                 from /usr/local/include/dlvhex2/BaseModelGenerator.h:38,
                 from /usr/local/include/dlvhex2/AsynchronousModelGenerator.h:42,
                 from /usr/local/include/dlvhex2/OnlineModelBuilder.h:39,
                 from conftest.cpp:70:
/usr/local/include/dlvhex2/PredicateTable.h:160:135: warning: missing terminating ' character [enabled by default]
In file included from /usr/local/include/dlvhex2/Registry.h:42:0,
                 from /usr/local/include/dlvhex2/Interpretation.h:39,
                 from /usr/local/include/dlvhex2/BaseModelGenerator.h:38,
                 from /usr/local/include/dlvhex2/AsynchronousModelGenerator.h:42,
                 from /usr/local/include/dlvhex2/OnlineModelBuilder.h:39,
                 from conftest.cpp:70:
/usr/local/include/dlvhex2/PredicateTable.h:160:4: warning: #warning this looks fishy, and PREDICATE_FAIL is not used anywhere else, when can this happen and if it is intended to fail, why don't we return a pointer or throw an exception? [-Wcpp]
In file included from /usr/local/include/dlvhex2/Atoms.h:40:0,
                 from /usr/local/include/dlvhex2/OrdinaryAtomTable.h:36,
                 from /usr/local/include/dlvhex2/Registry.h:43,
                 from /usr/local/include/dlvhex2/Interpretation.h:39,
                 from /usr/local/include/dlvhex2/BaseModelGenerator.h:38,
                 from /usr/local/include/dlvhex2/AsynchronousModelGenerator.h:42,
                 from /usr/local/include/dlvhex2/OnlineModelBuilder.h:39,
                 from conftest.cpp:70:
/usr/local/include/dlvhex2/ExtSourceProperties.h:45:2: warning: #warning TODO what is the difference/intended usage of ExtSourceProperty vs ExtSourceProperties? (the names are not very intuitive) [-Wcpp]
In file included from /usr/local/include/dlvhex2/OrdinaryAtomTable.h:36:0,
                 from /usr/local/include/dlvhex2/Registry.h:43,
                 from /usr/local/include/dlvhex2/Interpretation.h:39,
                 from /usr/local/include/dlvhex2/BaseModelGenerator.h:38,
                 from /usr/local/include/dlvhex2/AsynchronousModelGenerator.h:42,
                 from /usr/local/include/dlvhex2/OnlineModelBuilder.h:39,
                 from conftest.cpp:70:
/usr/local/include/dlvhex2/Atoms.h:217:4: warning: #warning inputMask seems to be duplicated in parts of ExternalAtomMask [-Wcpp]
configure:16100: $? = 0
configure:16100: result: yes
configure:16100: checking dlvhex2/OnlineModelBuilder.h presence
configure:16100: g++ -E  -I/opt/local/include -I/sw/include -pthread -I/usr/local/include -I/usr/local/include/dlvhex2/bm3.7.0/  conftest.cpp
In file included from /usr/local/include/dlvhex2/PredicateTable.h:38:0,
                 from /usr/local/include/dlvhex2/Registry.h:42,
                 from /usr/local/include/dlvhex2/Interpretation.h:39,
                 from /usr/local/include/dlvhex2/BaseModelGenerator.h:38,
                 from /usr/local/include/dlvhex2/AsynchronousModelGenerator.h:42,
                 from /usr/local/include/dlvhex2/OnlineModelBuilder.h:39,
                 from conftest.cpp:37:
/usr/local/include/dlvhex2/Predicate.h:57:2: warning: #warning see warning in PredicateTable.h [-Wcpp]
In file included from /usr/local/include/dlvhex2/Registry.h:42:0,
                 from /usr/local/include/dlvhex2/Interpretation.h:39,
                 from /usr/local/include/dlvhex2/BaseModelGenerator.h:38,
                 from /usr/local/include/dlvhex2/AsynchronousModelGenerator.h:42,
                 from /usr/local/include/dlvhex2/OnlineModelBuilder.h:39,
                 from conftest.cpp:37:
/usr/local/include/dlvhex2/PredicateTable.h:160:135: warning: missing terminating ' character [enabled by default]
In file included from /usr/local/include/dlvhex2/Registry.h:42:0,
                 from /usr/local/include/dlvhex2/Interpretation.h:39,
                 from /usr/local/include/dlvhex2/BaseModelGenerator.h:38,
                 from /usr/local/include/dlvhex2/AsynchronousModelGenerator.h:42,
                 from /usr/local/include/dlvhex2/OnlineModelBuilder.h:39,
                 from conftest.cpp:37:
/usr/local/include/dlvhex2/PredicateTable.h:160:4: warning: #warning this looks fishy, and PREDICATE_FAIL is not used anywhere else, when can this happen and if it is intended to fail, why don't we return a pointer or throw an exception? [-Wcpp]
In file included from /usr/local/include/dlvhex2/Atoms.h:40:0,
                 from /usr/local/include/dlvhex2/OrdinaryAtomTable.h:36,
                 from /usr/local/include/dlvhex2/Registry.h:43,
                 from /usr/local/include/dlvhex2/Interpretation.h:39,
                 from /usr/local/include/dlvhex2/BaseModelGenerator.h:38,
                 from /usr/local/include/dlvhex2/AsynchronousModelGenerator.h:42,
                 from /usr/local/include/dlvhex2/OnlineModelBuilder.h:39,
                 from conftest.cpp:37:
/usr/local/include/dlvhex2/ExtSourceProperties.h:45:2: warning: #warning TODO what is the difference/intended usage of ExtSourceProperty vs ExtSourceProperties? (the names are not very intuitive) [-Wcpp]
In file included from /usr/local/include/dlvhex2/OrdinaryAtomTable.h:36:0,
                 from /usr/local/include/dlvhex2/Registry.h:43,
                 from /usr/local/include/dlvhex2/Interpretation.h:39,
                 from /usr/local/include/dlvhex2/BaseModelGenerator.h:38,
                 from /usr/local/include/dlvhex2/AsynchronousModelGenerator.h:42,
                 from /usr/local/include/dlvhex2/OnlineModelBuilder.h:39,
                 from conftest.cpp:37:
/usr/local/include/dlvhex2/Atoms.h:217:4: warning: #warning inputMask seems to be duplicated in parts of ExternalAtomMask [-Wcpp]
configure:16100: $? = 0
configure:16100: result: yes
configure:16100: checking for dlvhex2/OnlineModelBuilder.h
configure:16100: result: yes
configure:16113: checking for RAPTOR
configure:16120: $PKG_CONFIG --exists --print-errors "raptor2 >= 2.0.0"
configure:16123: $? = 0
configure:16137: $PKG_CONFIG --exists --print-errors "raptor2 >= 2.0.0"
configure:16140: $? = 0
configure:16198: result: yes
configure:16204: checking for REDLAND
configure:16211: $PKG_CONFIG --exists --print-errors "redland >= 1.0.0"
configure:16214: $? = 0
configure:16228: $PKG_CONFIG --exists --print-errors "redland >= 1.0.0"
configure:16231: $? = 0
configure:16289: result: yes
configure:16297: checking for SOPRANO
configure:16304: $PKG_CONFIG --exists --print-errors "soprano >= 2.9.0"
configure:16307: $? = 0
configure:16321: $PKG_CONFIG --exists --print-errors "soprano >= 2.9.0"
configure:16324: $? = 0
configure:16382: result: yes
configure:16393: checking for QT
configure:16400: $PKG_CONFIG --exists --print-errors "QtCore >= 4.6, QtGui >= 4.6, QtMultimedia >= 4.6"
configure:16403: $? = 0
configure:16417: $PKG_CONFIG --exists --print-errors "QtCore >= 4.6, QtGui >= 4.6, QtMultimedia >= 4.6"
configure:16420: $? = 0
configure:16478: result: yes
configure: this is boost.m4 serial 16
configure:16515: checking for Boost headers version >= 1.41.0
configure:16586: g++ -c -g -O2  -I/opt/local/include -I/sw/include conftest.cpp >&5
configure:16586: $? = 0
configure:16607: result: yes
configure:16626: checking for Boost's header version
configure:16644: result: 1_56
configure:16667: checking boost/scoped_ptr.hpp usability
configure:16667: g++ -c -g -O2  -I/opt/local/include -I/sw/include  conftest.cpp >&5
configure:16667: $? = 0
configure:16667: result: yes
configure:16667: checking boost/scoped_ptr.hpp presence
configure:16667: g++ -E  -I/opt/local/include -I/sw/include  conftest.cpp
configure:16667: $? = 0
configure:16667: result: yes
configure:16667: checking for boost/scoped_ptr.hpp
configure:16667: result: yes
configure:16696: checking boost/shared_ptr.hpp usability
configure:16696: g++ -c -g -O2  -I/opt/local/include -I/sw/include  conftest.cpp >&5
configure:16696: $? = 0
configure:16696: result: yes
configure:16696: checking boost/shared_ptr.hpp presence
configure:16696: g++ -E  -I/opt/local/include -I/sw/include  conftest.cpp
configure:16696: $? = 0
configure:16696: result: yes
configure:16696: checking for boost/shared_ptr.hpp
configure:16696: result: yes
configure:16727: checking boost/algorithm/string.hpp usability
configure:16727: g++ -c -g -O2  -I/opt/local/include -I/sw/include  conftest.cpp >&5
configure:16727: $? = 0
configure:16727: result: yes
configure:16727: checking boost/algorithm/string.hpp presence
configure:16727: g++ -E  -I/opt/local/include -I/sw/include  conftest.cpp
configure:16727: $? = 0
configure:16727: result: yes
configure:16727: checking for boost/algorithm/string.hpp
configure:16727: result: yes
configure:16758: checking boost/tokenizer.hpp usability
configure:16758: g++ -c -g -O2  -I/opt/local/include -I/sw/include  conftest.cpp >&5
configure:16758: $? = 0
configure:16758: result: yes
configure:16758: checking boost/tokenizer.hpp presence
configure:16758: g++ -E  -I/opt/local/include -I/sw/include  conftest.cpp
configure:16758: $? = 0
configure:16758: result: yes
configure:16758: checking for boost/tokenizer.hpp
configure:16758: result: yes
configure:16904: checking that generated files are newer than configure
configure:16910: result: done
configure:16937: creating ./config.status

## ---------------------- ##
## Running config.status. ##
## ---------------------- ##

This file was extended by dlvhex-sparqlplugin config.status 2.0.0, which was
generated by GNU Autoconf 2.69.  Invocation command line was

  CONFIG_FILES    = 
  CONFIG_HEADERS  = 
  CONFIG_LINKS    = 
  CONFIG_COMMANDS = 
  $ ./config.status 

on Chaos-Mac-mini.local

config.status:1192: creating Makefile
config.status:1192: creating include/Makefile
config.status:1192: creating src/Makefile
config.status:1192: creating include/config.h
config.status:1373: include/config.h is unchanged
config.status:1421: executing depfiles commands
config.status:1421: executing libtool commands

## ---------------- ##
## Cache variables. ##
## ---------------- ##

ac_cv_build=x86_64-apple-darwin13.3.0
ac_cv_c_compiler_gnu=yes
ac_cv_c_const=yes
ac_cv_c_inline=inline
ac_cv_cxx_compiler_gnu=yes
ac_cv_env_BOOST_ROOT_set=
ac_cv_env_BOOST_ROOT_value=
ac_cv_env_CCC_set=
ac_cv_env_CCC_value=
ac_cv_env_CC_set=
ac_cv_env_CC_value=
ac_cv_env_CFLAGS_set=
ac_cv_env_CFLAGS_value=
ac_cv_env_CPPFLAGS_set=
ac_cv_env_CPPFLAGS_value=
ac_cv_env_CXXCPP_set=
ac_cv_env_CXXCPP_value=
ac_cv_env_CXXFLAGS_set=
ac_cv_env_CXXFLAGS_value=
ac_cv_env_CXX_set=
ac_cv_env_CXX_value=
ac_cv_env_DLVHEX_CFLAGS_set=
ac_cv_env_DLVHEX_CFLAGS_value=
ac_cv_env_DLVHEX_LIBS_set=
ac_cv_env_DLVHEX_LIBS_value=
ac_cv_env_LDFLAGS_set=
ac_cv_env_LDFLAGS_value=
ac_cv_env_LIBS_set=
ac_cv_env_LIBS_value=
ac_cv_env_PKG_CONFIG_LIBDIR_set=
ac_cv_env_PKG_CONFIG_LIBDIR_value=
ac_cv_env_PKG_CONFIG_PATH_set=set
ac_cv_env_PKG_CONFIG_PATH_value=/usr/local/lib/pkgconfig
ac_cv_env_PKG_CONFIG_set=
ac_cv_env_PKG_CONFIG_value=
ac_cv_env_QT_CFLAGS_set=
ac_cv_env_QT_CFLAGS_value=
ac_cv_env_QT_LIBS_set=
ac_cv_env_QT_LIBS_value=
ac_cv_env_RAPTOR_CFLAGS_set=
ac_cv_env_RAPTOR_CFLAGS_value=
ac_cv_env_RAPTOR_LIBS_set=
ac_cv_env_RAPTOR_LIBS_value=
ac_cv_env_REDLAND_CFLAGS_set=
ac_cv_env_REDLAND_CFLAGS_value=
ac_cv_env_REDLAND_LIBS_set=
ac_cv_env_REDLAND_LIBS_value=
ac_cv_env_SOPRANO_CFLAGS_set=
ac_cv_env_SOPRANO_CFLAGS_value=
ac_cv_env_SOPRANO_LIBS_set=
ac_cv_env_SOPRANO_LIBS_value=
ac_cv_env_build_alias_set=
ac_cv_env_build_alias_value=
ac_cv_env_host_alias_set=
ac_cv_env_host_alias_value=
ac_cv_env_target_alias_set=
ac_cv_env_target_alias_value=
ac_cv_func_malloc_0_nonnull=yes
ac_cv_header_boost_algorithm_string_hpp=yes
ac_cv_header_boost_scoped_ptr_hpp=yes
ac_cv_header_boost_shared_ptr_hpp=yes
ac_cv_header_boost_tokenizer_hpp=yes
ac_cv_header_dirent_dirent_h=yes
ac_cv_header_dlfcn_h=yes
ac_cv_header_dlvhex2_OnlineModelBuilder_h=yes
ac_cv_header_inttypes_h=yes
ac_cv_header_memory_h=yes
ac_cv_header_stdbool_h=yes
ac_cv_header_stdc=yes
ac_cv_header_stdint_h=yes
ac_cv_header_stdlib_h=yes
ac_cv_header_string_h=yes
ac_cv_header_strings_h=yes
ac_cv_header_sys_param_h=yes
ac_cv_header_sys_stat_h=yes
ac_cv_header_sys_types_h=yes
ac_cv_header_unistd_h=yes
ac_cv_host=x86_64-apple-darwin13.3.0
ac_cv_lib_dl_dlopen=yes
ac_cv_objext=o
ac_cv_path_EGREP='/usr/bin/grep -E'
ac_cv_path_FGREP='/usr/bin/grep -F'
ac_cv_path_GREP=/usr/bin/grep
ac_cv_path_SED=/opt/local/bin/gsed
ac_cv_path_ac_pt_PKG_CONFIG=/opt/local/bin/pkg-config
ac_cv_path_install='/usr/bin/install -c'
ac_cv_prog_AWK=gawk
ac_cv_prog_CXXCPP='g++ -E'
ac_cv_prog_ac_ct_AR=ar
ac_cv_prog_ac_ct_CC=gcc
ac_cv_prog_ac_ct_CXX=g++
ac_cv_prog_ac_ct_DSYMUTIL=dsymutil
ac_cv_prog_ac_ct_LIPO=lipo
ac_cv_prog_ac_ct_NMEDIT=nmedit
ac_cv_prog_ac_ct_OTOOL=otool
ac_cv_prog_ac_ct_RANLIB=ranlib
ac_cv_prog_ac_ct_STRIP=strip
ac_cv_prog_cc_c89=
ac_cv_prog_cc_g=yes
ac_cv_prog_cxx_g=yes
ac_cv_prog_make_make_set=yes
ac_cv_search_opendir='none required'
ac_cv_type__Bool=no
ac_cv_type_size_t=yes
am_cv_CC_dependencies_compiler_type=gcc3
am_cv_CXX_dependencies_compiler_type=gcc3
am_cv_make_support_nested_variables=yes
am_cv_prog_cc_c_o=yes
boost_cv_inc_path=yes
boost_cv_lib_version=1_56
lt_cv_apple_cc_single_mod=yes
lt_cv_ar_at_file=no
lt_cv_deplibs_check_method=pass_all
lt_cv_dlopen=dlopen
lt_cv_dlopen_libs=-ldl
lt_cv_dlopen_self=yes
lt_cv_dlopen_self_static=yes
lt_cv_file_magic_cmd='$MAGIC_CMD'
lt_cv_file_magic_test_file=
lt_cv_ld_exported_symbols_list=yes
lt_cv_ld_force_load=yes
lt_cv_ld_reload_flag=-r
lt_cv_nm_interface='BSD nm'
lt_cv_objdir=.libs
lt_cv_path_LD=/opt/local/bin/ld
lt_cv_path_LDCXX=/opt/local/bin/ld
lt_cv_path_NM=/opt/local/bin/nm
lt_cv_path_mainfest_tool=no
lt_cv_prog_compiler_c_o=yes
lt_cv_prog_compiler_c_o_CXX=yes
lt_cv_prog_compiler_pic='-fno-common -DPIC'
lt_cv_prog_compiler_pic_CXX='-fno-common -DPIC'
lt_cv_prog_compiler_pic_works=yes
lt_cv_prog_compiler_pic_works_CXX=yes
lt_cv_prog_compiler_rtti_exceptions=no
lt_cv_prog_compiler_static_works=no
lt_cv_prog_compiler_static_works_CXX=no
lt_cv_prog_gnu_ld=no
lt_cv_prog_gnu_ldcxx=no
lt_cv_sharedlib_from_linklib_cmd='printf %s\n'
lt_cv_sys_global_symbol_pipe='sed -n -e '\''s/^.*[	 ]\([BCDEGRST][BCDEGRST]*\)[	 ][	 ]*_\([_A-Za-z][_A-Za-z0-9]*\)$/\1 _\2 \2/p'\'' | sed '\''/ __gnu_lto/d'\'''
lt_cv_sys_global_symbol_to_c_name_address='sed -n -e '\''s/^: \([^ ]*\)[ ]*$/  {\"\1\", (void *) 0},/p'\'' -e '\''s/^[BCDEGRST]* \([^ ]*\) \([^ ]*\)$/  {"\2", (void *) \&\2},/p'\'''
lt_cv_sys_global_symbol_to_c_name_address_lib_prefix='sed -n -e '\''s/^: \([^ ]*\)[ ]*$/  {\"\1\", (void *) 0},/p'\'' -e '\''s/^[BCDEGRST]* \([^ ]*\) \(lib[^ ]*\)$/  {"\2", (void *) \&\2},/p'\'' -e '\''s/^[BCDEGRST]* \([^ ]*\) \([^ ]*\)$/  {"lib\2", (void *) \&\2},/p'\'''
lt_cv_sys_global_symbol_to_cdecl='sed -n -e '\''s/^T .* \(.*\)$/extern int \1();/p'\'' -e '\''s/^[BCDEGRST]* .* \(.*\)$/extern char \1;/p'\'''
lt_cv_sys_max_cmd_len=196608
lt_cv_to_host_file_cmd=func_convert_file_noop
lt_cv_to_tool_file_cmd=func_convert_file_noop
pkg_cv_DLVHEX_BINDIR=/usr/local/bin
pkg_cv_DLVHEX_CFLAGS='-pthread -I/usr/local/include -I/usr/local/include/dlvhex2/bm3.7.0/ '
pkg_cv_DLVHEX_LIBS='-L/usr/local/lib -L/opt/local/lib -L/usr/local/lib -ldlvhex2-base -ldlvhex2-aspsolver -lcurl -lidn -lssl -lcrypto -lssl -lcrypto -lz -Wl,-rpath,/usr/local/lib -lboost_thread-mt -lboost_system-mt -pthread '
pkg_cv_DLVHEX_SYSPLUGINDIR=/usr/local/lib/dlvhex/plugins
pkg_cv_DLVHEX_USERPLUGINDIR=.dlvhex2/plugins
pkg_cv_QT_CFLAGS='-DQT_SHARED -I/opt/local/include -I/opt/local/include/QtMultimedia -I/opt/local/include -I/opt/local/include/QtGui -I/opt/local/include -I/opt/local/include/QtCore '
pkg_cv_QT_LIBS='-L/opt/local/lib -lQtMultimedia -lQtGui -lQtCore '
pkg_cv_RAPTOR_CFLAGS='-I/usr/local/include/raptor2 '
pkg_cv_RAPTOR_LIBS='-L/usr/local/lib -lraptor2 '
pkg_cv_REDLAND_CFLAGS='-I/usr/local/include -I/usr/local/include/rasqal -I/usr/local/include/raptor2 '
pkg_cv_REDLAND_LIBS='-L/usr/local/lib -lrdf '
pkg_cv_SOPRANO_CFLAGS='-DQT_SHARED -I/usr/local/include -I/opt/local/include -I/opt/local/include/QtCore '
pkg_cv_SOPRANO_LIBS='-L/usr/local/lib -L/opt/local/lib -lsoprano -lQtCore '

## ----------------- ##
## Output variables. ##
## ----------------- ##

ACLOCAL='${SHELL} /Users/chaozhang/DLVHEX/sparql-plugin/missing aclocal-1.14'
AMDEPBACKSLASH='\'
AMDEP_FALSE='#'
AMDEP_TRUE=''
AMTAR='$${TAR-tar}'
AM_BACKSLASH='\'
AM_DEFAULT_V='$(AM_DEFAULT_VERBOSITY)'
AM_DEFAULT_VERBOSITY='1'
AM_V='$(V)'
AR='ar'
AUTOCONF='${SHELL} /Users/chaozhang/DLVHEX/sparql-plugin/missing autoconf'
AUTOHEADER='${SHELL} /Users/chaozhang/DLVHEX/sparql-plugin/missing autoheader'
AUTOMAKE='${SHELL} /Users/chaozhang/DLVHEX/sparql-plugin/missing automake-1.14'
AWK='gawk'
BOOST_CPPFLAGS=''
BOOST_ROOT=''
CC='gcc'
CCDEPMODE='depmode=gcc3'
CFLAGS='-g -O2'
CPPFLAGS=' -I/opt/local/include -I/sw/include'
CXX='g++'
CXXCPP='g++ -E'
CXXDEPMODE='depmode=gcc3'
CXXFLAGS='-g -O2'
CYGPATH_W='echo'
DEBUG_FLAGS=''
DEFS='-DHAVE_CONFIG_H'
DEPDIR='.deps'
DISTCHECK_CONFIGURE_FLAGS=' '\''--with-boost='\'''
DLLTOOL='false'
DLVHEX_ABI_VERSION='7.0.0'
DLVHEX_ABI_VERSION_MAJOR='7'
DLVHEX_ABI_VERSION_MICRO='0'
DLVHEX_ABI_VERSION_MINOR='0'
DLVHEX_BINDIR='/usr/local/bin'
DLVHEX_CFLAGS='-pthread -I/usr/local/include -I/usr/local/include/dlvhex2/bm3.7.0/ '
DLVHEX_LIBS='-L/usr/local/lib -L/opt/local/lib -L/usr/local/lib -ldlvhex2-base -ldlvhex2-aspsolver -lcurl -lidn -lssl -lcrypto -lssl -lcrypto -lz -Wl,-rpath,/usr/local/lib -lboost_thread-mt -lboost_system-mt -pthread '
DLVHEX_SYSPLUGINDIR='/usr/local/lib/dlvhex/plugins'
DLVHEX_USERPLUGINDIR='.dlvhex2/plugins'
DSYMUTIL='dsymutil'
DUMPBIN=''
ECHO_C='\c'
ECHO_N=''
ECHO_T=''
EGREP='/usr/bin/grep -E'
EXEEXT=''
FGREP='/usr/bin/grep -F'
GREP='/usr/bin/grep'
INSTALL_DATA='${INSTALL} -m 644'
INSTALL_PROGRAM='${INSTALL}'
INSTALL_SCRIPT='${INSTALL}'
INSTALL_STRIP_PROGRAM='$(install_sh) -c -s'
LD='/opt/local/bin/ld'
LDFLAGS=''
LIBOBJS=''
LIBS=''
LIBTOOL='$(SHELL) $(top_builddir)/libtool'
LIPO='lipo'
LN_S='ln -s'
LTLIBOBJS=''
MAKEINFO='${SHELL} /Users/chaozhang/DLVHEX/sparql-plugin/missing makeinfo'
MANIFEST_TOOL=':'
MKDIR_P='./install-sh -c -d'
NM='/opt/local/bin/nm'
NMEDIT='nmedit'
OBJDUMP='false'
OBJEXT='o'
OTOOL64=':'
OTOOL='otool'
PACKAGE='dlvhex-sparqlplugin'
PACKAGE_BUGREPORT='e.paissios@gmail.com'
PACKAGE_NAME='dlvhex-sparqlplugin'
PACKAGE_STRING='dlvhex-sparqlplugin 2.0.0'
PACKAGE_TARNAME='dlvhex-sparqlplugin'
PACKAGE_URL=''
PACKAGE_VERSION='2.0.0'
PATH_SEPARATOR=':'
PKG_CONFIG='/opt/local/bin/pkg-config'
PKG_CONFIG_LIBDIR=''
PKG_CONFIG_PATH='/usr/local/lib/pkgconfig'
QT_CFLAGS='-DQT_SHARED -I/opt/local/include -I/opt/local/include/QtMultimedia -I/opt/local/include -I/opt/local/include/QtGui -I/opt/local/include -I/opt/local/include/QtCore '
QT_LIBS='-L/opt/local/lib -lQtMultimedia -lQtGui -lQtCore '
RANLIB='ranlib'
RAPTOR_CFLAGS='-I/usr/local/include/raptor2 '
RAPTOR_LIBS='-L/usr/local/lib -lraptor2 '
REDLAND_CFLAGS='-I/usr/local/include -I/usr/local/include/rasqal -I/usr/local/include/raptor2 '
REDLAND_LIBS='-L/usr/local/lib -lrdf '
SED='/opt/local/bin/gsed'
SET_MAKE=''
SHELL='/bin/sh'
SOPRANO_CFLAGS='-DQT_SHARED -I/usr/local/include -I/opt/local/include -I/opt/local/include/QtCore '
SOPRANO_LIBS='-L/usr/local/lib -L/opt/local/lib -lsoprano -lQtCore '
SPARQLPLUGIN_VERSION='2.0.0'
SPARQLPLUGIN_VERSION_MAJOR='2'
SPARQLPLUGIN_VERSION_MICRO='0'
SPARQLPLUGIN_VERSION_MINOR='0'
STRIP='strip'
VERSION='2.0.0'
ac_ct_AR='ar'
ac_ct_CC='gcc'
ac_ct_CXX='g++'
ac_ct_DUMPBIN=''
am__EXEEXT_FALSE=''
am__EXEEXT_TRUE='#'
am__fastdepCC_FALSE='#'
am__fastdepCC_TRUE=''
am__fastdepCXX_FALSE='#'
am__fastdepCXX_TRUE=''
am__include='include'
am__isrc=''
am__leading_dot='.'
am__nodep='_no'
am__quote=''
am__tar='$${TAR-tar} chof - "$$tardir"'
am__untar='$${TAR-tar} xf -'
bindir='${exec_prefix}/bin'
build='x86_64-apple-darwin13.3.0'
build_alias=''
build_cpu='x86_64'
build_os='darwin13.3.0'
build_vendor='apple'
datadir='${datarootdir}'
datarootdir='${prefix}/share'
docdir='${datarootdir}/doc/${PACKAGE_TARNAME}'
dvidir='${docdir}'
exec_prefix='${prefix}'
host='x86_64-apple-darwin13.3.0'
host_alias=''
host_cpu='x86_64'
host_os='darwin13.3.0'
host_vendor='apple'
htmldir='${docdir}'
includedir='${prefix}/include'
infodir='${datarootdir}/info'
install_sh='${SHELL} /Users/chaozhang/DLVHEX/sparql-plugin/install-sh'
libdir='${exec_prefix}/lib'
libexecdir='${exec_prefix}/libexec'
localedir='${datarootdir}/locale'
localstatedir='${prefix}/var'
mandir='${datarootdir}/man'
mkdir_p='$(MKDIR_P)'
oldincludedir='/usr/include'
pdfdir='${docdir}'
plugindir='/usr/local/lib/dlvhex/plugins'
prefix='/usr/local'
program_transform_name='s,x,x,'
psdir='${docdir}'
sbindir='${exec_prefix}/sbin'
sharedstatedir='${prefix}/com'
sysconfdir='${prefix}/etc'
target_alias=''

## ----------- ##
## confdefs.h. ##
## ----------- ##

/* confdefs.h */
#define PACKAGE_NAME "dlvhex-sparqlplugin"
#define PACKAGE_TARNAME "dlvhex-sparqlplugin"
#define PACKAGE_VERSION "2.0.0"
#define PACKAGE_STRING "dlvhex-sparqlplugin 2.0.0"
#define PACKAGE_BUGREPORT "e.paissios@gmail.com"
#define PACKAGE_URL ""
#define SPARQLPLUGIN_VERSION 2.0.0
#define SPARQLPLUGIN_VERSION_MAJOR 2
#define SPARQLPLUGIN_VERSION_MINOR 0
#define SPARQLPLUGIN_VERSION_MICRO 0
#define DLVHEX_ABI_VERSION 7.0.0
#define DLVHEX_ABI_VERSION_MAJOR 7
#define DLVHEX_ABI_VERSION_MINOR 0
#define DLVHEX_ABI_VERSION_MICRO 0
#define PACKAGE "dlvhex-sparqlplugin"
#define VERSION "2.0.0"
#define HAVE_DIRENT_H 1
#define STDC_HEADERS 1
#define HAVE_SYS_TYPES_H 1
#define HAVE_SYS_STAT_H 1
#define HAVE_STDLIB_H 1
#define HAVE_STRING_H 1
#define HAVE_MEMORY_H 1
#define HAVE_STRINGS_H 1
#define HAVE_INTTYPES_H 1
#define HAVE_STDINT_H 1
#define HAVE_UNISTD_H 1
#define HAVE_STDLIB_H 1
#define HAVE_SYS_PARAM_H 1
#define HAVE_STDBOOL_H 1
#define HAVE_STDLIB_H 1
#define HAVE_MALLOC 1
#define HAVE_DLFCN_H 1
#define LT_OBJDIR ".libs/"
#define HAVE_BOOST 1
#define HAVE_BOOST_SCOPED_PTR_HPP 1
#define HAVE_BOOST_SHARED_PTR_HPP 1
#define HAVE_BOOST_ALGORITHM_STRING_HPP 1
#define HAVE_BOOST_TOKENIZER_HPP 1

configure: exit 0
